[LOG] System::create                           : Header version = 1.08.00. Current version = 1.08.00.
[LOG] SystemI::init                            : FMOD Studio Version: 00010800 (73592)
[LOG] SystemI::init                            : maxchannels = 256, flags = 00020000, extradriverdata = 0000000000000000
[LOG] SystemI::close                           : 
[LOG] SystemI::close                           : Stop all sounds
[LOG] SystemI::close                           : done.

[LOG] OutputWASAPI::init                       : Mix Format (WAVEFORMATEX): wFormatTag=0xFFFE, nChannels=2, nSamplesPerSec=48000, nAvgBytesPerSec=384000, nBlockAlign=8, wBitsPerSample=32, cbSize=22.
[LOG] OutputWASAPI::init                       : Mix Format (WAVEFORMATEXTENSIBLE): wValidBitsPerSample=32, dwChannelMask=0x00000003, SubFormat=00000003-0000-0010-8000-00AA00389B71.
[LOG] OutputWASAPI::init                       : Output buffer size: 4096 samples, latency: 10.67ms, period: 10.00ms, DSP buffer: 1024 * 4
[LOG] Thread::initThread                       : Initializing FMOD mixer thread.  priority 3
[LOG] Thread::initThread                       : - Stacksize 49152.  Stack pointer 0000000000000000 : usesemaphore = 0 : sleeptime = 0
[LOG] Thread::callback                         : * FMOD mixer thread started
[LOG] SystemI::init                            : Set up emulated output
[LOG] SystemI::init                            : create the channel pool
[LOG] Thread::initThread                       : Initializing FMOD stream thread.  priority 2
[LOG] Thread::initThread                       : - Stacksize 65536.  Stack pointer 0000000000000000 : usesemaphore = 0 : sleeptime = 10
[LOG] Thread::callback                         : * FMOD stream thread started
[LOG] Thread::initThread                       : Initializing FMOD Studio sample load thread.  priority 0
[LOG] Thread::initThread                       : - Stacksize 65536.  Stack pointer 0000000000000000 : usesemaphore = 0 : sleeptime = 1
[LOG] Thread::callback                         : * FMOD Studio sample load thread started
[LOG] Thread::initThread                       : Initializing FMOD Studio bank load thread.  priority 0
[LOG] Thread::initThread                       : - Stacksize 65536.  Stack pointer 0000000000000000 : usesemaphore = 0 : sleeptime = 1
[LOG] Thread::callback                         : * FMOD Studio bank load thread started
[LOG] Manager::readBank                        : fileversion = 72, compatVersion = 70 (oldest = 44, newest = 72)
[LOG] Manager::readBank                        : fileversion = 72, compatVersion = 70 (oldest = 44, newest = 72)
[LOG] Manager::finishLoadBank                  : Bank with guid {3f559905-4c3b-455c-9234-eac5889b1b95} has already been loaded[LOG] SystemI::createSoundInternal             : filename =  : mode 0a000202
[LOG] SystemI::createSoundInternal             : exinfo->cbsize             = 232
[LOG] SystemI::createSoundInternal             : exinfo->length             = 2343456
[LOG] SystemI::createSoundInternal             : exinfo->fileoffset         = 39008
[LOG] SystemI::createSoundInternal             : exinfo->numsubsounds       = 1
[LOG] SystemI::createSoundInternal             : exinfo->inclusionlist      = 000000002D81FB28
[LOG] SystemI::createSoundInternal             : exinfo->inclusionlistnum   = 1
[LOG] SystemI::createSoundInternal             : exinfo->suggestedsoundtype = 5
[LOG] SystemI::createSoundInternal             : exinfo->useropen           = 00007FFFC3D88650
[LOG] SystemI::createSoundInternal             : exinfo->userclose          = 00007FFFC3D893C0
[LOG] SystemI::createSoundInternal             : exinfo->userread           = 00007FFFC3D88730
[LOG] SystemI::createSoundInternal             : exinfo->userseek           = 00007FFFC3D887E0
[LOG] SystemI::createSoundInternal             : exinfo->fileuserdata       = 00000000186A26D8
[LOG] SystemI::createSoundInternal             : exinfo->initialseekpostype = 1
[LOG] SystemI::createSoundInternal             : Format has 1 subsounds.
[LOG] SystemI::createSoundInternal             : Create as FMOD_CREATESAMPLE
[LOG] SystemI::createSoundInternal             : Multi-sample sound (1 subsounds), create a sample container.
[LOG] SystemI::createSoundInternal             : creating subsound 0/1
[LOG] SystemI::createSample                    : mode 0a000202 length 70760 samples, lengthbytes 17248
[LOG] SystemI::createSample                    : channels = 2
[LOG] SystemI::createSample                    : output = 000000002F856A98
[LOG] OutputSoftware::createSample             : lengthpcm 70760, lengthbytes 17248, channels 2, format 2, freq 48000, mode 0a00020a
[LOG] SystemI::createSoundInternal             : done.  OpenState now = FMOD_OPENSTATE_READY.

[LOG] SystemI::createSoundInternal             : filename =  : mode 0a000202
[LOG] SystemI::createSoundInternal             : exinfo->cbsize             = 232
[LOG] SystemI::createSoundInternal             : exinfo->length             = 2343456
[LOG] SystemI::createSoundInternal             : exinfo->fileoffset         = 39008
[LOG] SystemI::createSoundInternal             : exinfo->numsubsounds       = 1
[LOG] SystemI::createSoundInternal             : exinfo->inclusionlist      = 000000002D81FB28
[LOG] SystemI::createSoundInternal             : exinfo->inclusionlistnum   = 1
[LOG] SystemI::createSoundInternal             : exinfo->suggestedsoundtype = 5
[LOG] SystemI::createSoundInternal             : exinfo->useropen           = 00007FFFC3D88650
[LOG] SystemI::createSoundInternal             : exinfo->userclose          = 00007FFFC3D893C0
[LOG] SystemI::createSoundInternal             : exinfo->userread           = 00007FFFC3D88730
[LOG] SystemI::createSoundInternal             : exinfo->userseek           = 00007FFFC3D887E0
[LOG] SystemI::createSoundInternal             : exinfo->fileuserdata       = 00000000186A26D8
[LOG] SystemI::createSoundInternal             : exinfo->initialseekpostype = 1
[LOG] SystemI::createSoundInternal             : Format has 1 subsounds.
[LOG] SystemI::createSoundInternal             : Create as FMOD_CREATESAMPLE
[LOG] SystemI::createSoundInternal             : Multi-sample sound (1 subsounds), create a sample container.
[LOG] SystemI::createSoundInternal             : creating subsound 0/1
[LOG] SystemI::createSample                    : mode 0a000202 length 87174 samples, lengthbytes 23072
[LOG] SystemI::createSample                    : channels = 2
[LOG] SystemI::createSample                    : output = 000000002F856A98
[LOG] OutputSoftware::createSample             : lengthpcm 87174, lengthbytes 23072, channels 2, format 2, freq 48000, mode 0a00020a
[LOG] SystemI::createSoundInternal             : done.  OpenState now = FMOD_OPENSTATE_READY.

[LOG] SystemI::createSoundInternal             : filename =  : mode 0a000202
[LOG] SystemI::createSoundInternal             : exinfo->cbsize             = 232
[LOG] SystemI::createSoundInternal             : exinfo->length             = 2343456
[LOG] SystemI::createSoundInternal             : exinfo->fileoffset         = 39008
[LOG] SystemI::createSoundInternal             : exinfo->numsubsounds       = 1
[LOG] SystemI::createSoundInternal             : exinfo->inclusionlist      = 000000002D81FB28
[LOG] SystemI::createSoundInternal             : exinfo->inclusionlistnum   = 1
[LOG] SystemI::createSoundInternal             : exinfo->suggestedsoundtype = 5
[LOG] SystemI::createSoundInternal             : exinfo->useropen           = 00007FFFC3D88650
[LOG] SystemI::createSoundInternal             : exinfo->userclose          = 00007FFFC3D893C0
[LOG] SystemI::createSoundInternal             : exinfo->userread           = 00007FFFC3D88730
[LOG] SystemI::createSoundInternal             : exinfo->userseek           = 00007FFFC3D887E0
[LOG] SystemI::createSoundInternal             : exinfo->fileuserdata       = 00000000186A26D8
[LOG] SystemI::createSoundInternal             : exinfo->initialseekpostype = 1
[LOG] SystemI::createSoundInternal             : Format has 1 subsounds.
[LOG] SystemI::createSoundInternal             : Create as FMOD_CREATESAMPLE
[LOG] SystemI::createSoundInternal             : Multi-sample sound (1 subsounds), create a sample container.
[LOG] SystemI::createSoundInternal             : creating subsound 0/1
[LOG] SystemI::createSample                    : mode 0a000202 length 87174 samples, lengthbytes 21856
[LOG] SystemI::createSample                    : channels = 2
[LOG] SystemI::createSample                    : output = 000000002F856A98
[LOG] OutputSoftware::createSample             : lengthpcm 87174, lengthbytes 21856, channels 2, format 2, freq 48000, mode 0a00020a
[LOG] SystemI::createSoundInternal             : done.  OpenState now = FMOD_OPENSTATE_READY.

[LOG] SystemI::createSoundInternal             : filename =  : mode 0a000202
[LOG] SystemI::createSoundInternal             : exinfo->cbsize             = 232
[LOG] SystemI::createSoundInternal             : exinfo->length             = 2343456
[LOG] SystemI::createSoundInternal             : exinfo->fileoffset         = 39008
[LOG] SystemI::createSoundInternal             : exinfo->numsubsounds       = 1
[LOG] SystemI::createSoundInternal             : exinfo->inclusionlist      = 000000002D81FB28
[LOG] SystemI::createSoundInternal             : exinfo->inclusionlistnum   = 1
[LOG] SystemI::createSoundInternal             : exinfo->suggestedsoundtype = 5
[LOG] SystemI::createSoundInternal             : exinfo->useropen           = 00007FFFC3D88650
[LOG] SystemI::createSoundInternal             : exinfo->userclose          = 00007FFFC3D893C0
[LOG] SystemI::createSoundInternal             : exinfo->userread           = 00007FFFC3D88730
[LOG] SystemI::createSoundInternal             : exinfo->userseek           = 00007FFFC3D887E0
[LOG] SystemI::createSoundInternal             : exinfo->fileuserdata       = 00000000186A26D8
[LOG] SystemI::createSoundInternal             : exinfo->initialseekpostype = 1
[LOG] SystemI::createSoundInternal             : Format has 1 subsounds.
[LOG] SystemI::createSoundInternal             : Create as FMOD_CREATESAMPLE
[LOG] SystemI::createSoundInternal             : Multi-sample sound (1 subsounds), create a sample container.
[LOG] SystemI::createSoundInternal             : creating subsound 0/1
[LOG] SystemI::createSample                    : mode 0a000202 length 87174 samples, lengthbytes 23040
[LOG] SystemI::createSample                    : channels = 2
[LOG] SystemI::createSample                    : output = 000000002F856A98
[LOG] OutputSoftware::createSample             : lengthpcm 87174, lengthbytes 23040, channels 2, format 2, freq 48000, mode 0a00020a
[LOG] SystemI::createSoundInternal             : done.  OpenState now = FMOD_OPENSTATE_READY.

[LOG] SystemI::createSoundInternal             : filename =  : mode 0a000202
[LOG] SystemI::createSoundInternal             : exinfo->cbsize             = 232
[LOG] SystemI::createSoundInternal             : exinfo->length             = 2343456
[LOG] SystemI::createSoundInternal             : exinfo->fileoffset         = 39008
[LOG] SystemI::createSoundInternal             : exinfo->numsubsounds       = 1
[LOG] SystemI::createSoundInternal             : exinfo->inclusionlist      = 000000002D81FB28
[LOG] SystemI::createSoundInternal             : exinfo->inclusionlistnum   = 1
[LOG] SystemI::createSoundInternal             : exinfo->suggestedsoundtype = 5
[LOG] SystemI::createSoundInternal             : exinfo->useropen           = 00007FFFC3D88650
[LOG] SystemI::createSoundInternal             : exinfo->userclose          = 00007FFFC3D893C0
[LOG] SystemI::createSoundInternal             : exinfo->userread           = 00007FFFC3D88730
[LOG] SystemI::createSoundInternal             : exinfo->userseek           = 00007FFFC3D887E0
[LOG] SystemI::createSoundInternal             : exinfo->fileuserdata       = 00000000186A26D8
[LOG] SystemI::createSoundInternal             : exinfo->initialseekpostype = 1
[LOG] SystemI::createSoundInternal             : Format has 1 subsounds.
[LOG] SystemI::createSoundInternal             : Create as FMOD_CREATESAMPLE
[LOG] SystemI::createSoundInternal             : Multi-sample sound (1 subsounds), create a sample container.
[LOG] SystemI::createSoundInternal             : creating subsound 0/1
[LOG] SystemI::createSample                    : mode 0a000202 length 70760 samples, lengthbytes 18432
[LOG] SystemI::createSample                    : channels = 2
[LOG] SystemI::createSample                    : output = 000000002F856A98
[LOG] OutputSoftware::createSample             : lengthpcm 70760, lengthbytes 18432, channels 2, format 2, freq 48000, mode 0a00020a
[LOG] SystemI::createSoundInternal             : done.  OpenState now = FMOD_OPENSTATE_READY.

[WRN] EventInstance::update                    : Event {94f9efef-7424-4644-8666-a12ceca8c8e3} waited 1755 milliseconds for sample data to load.  Preload sample data to avoid this delay.
[LOG] Manager::readBank                        : fileversion = 72, compatVersion = 70 (oldest = 44, newest = 72)
[LOG] Manager::finishLoadBank                  : Bank with guid {3f559905-4c3b-455c-9234-eac5889b1b95} has already been loaded[LOG] Manager::readBank                        : fileversion = 72, compatVersion = 70 (oldest = 44, newest = 72)
[LOG] Manager::finishLoadBank                  : Bank with guid {3f559905-4c3b-455c-9234-eac5889b1b95} has already been loaded[LOG] Manager::readBank                        : fileversion = 72, compatVersion = 70 (oldest = 44, newest = 72)
[LOG] Manager::finishLoadBank                  : Bank with guid {3f559905-4c3b-455c-9234-eac5889b1b95} has already been loaded[LOG] Manager::readBank                        : fileversion = 72, compatVersion = 70 (oldest = 44, newest = 72)
[LOG] Manager::finishLoadBank                  : Bank with guid {3f559905-4c3b-455c-9234-eac5889b1b95} has already been loaded[LOG] Manager::readBank                        : fileversion = 72, compatVersion = 70 (oldest = 44, newest = 72)
[LOG] Manager::finishLoadBank                  : Bank with guid {3f559905-4c3b-455c-9234-eac5889b1b95} has already been loaded[LOG] Manager::readBank                        : fileversion = 72, compatVersion = 70 (oldest = 44, newest = 72)
[LOG] Manager::finishLoadBank                  : Bank with guid {3f559905-4c3b-455c-9234-eac5889b1b95} has already been loaded