[LOG] SystemI::init                            : FMOD Studio Version: 00010800 (73592)
[LOG] SystemI::init                            : maxchannels = 1024, flags = 00030000, extradriverdata = 0000000000000000
[LOG] SystemI::close                           : 
[LOG] SystemI::close                           : Stop all sounds
[LOG] SystemI::close                           : done.

[LOG] OutputWASAPI::init                       : Mix Format (WAVEFORMATEX): wFormatTag=0xFFFE, nChannels=2, nSamplesPerSec=48000, nAvgBytesPerSec=384000, nBlockAlign=8, wBitsPerSample=32, cbSize=22.
[LOG] OutputWASAPI::init                       : Mix Format (WAVEFORMATEXTENSIBLE): wValidBitsPerSample=32, dwChannelMask=0x00000003, SubFormat=00000003-0000-0010-8000-00AA00389B71.
[LOG] OutputWASAPI::init                       : Output buffer size: 4096 samples, latency: 10.67ms, period: 10.00ms, DSP buffer: 1024 * 4
[LOG] Thread::initThread                       : Initializing FMOD mixer thread.  priority 3
[LOG] Thread::initThread                       : - Stacksize 49152.  Stack pointer 0000000000000000 : usesemaphore = 0 : sleeptime = 0
[LOG] Thread::callback                         : * FMOD mixer thread started
[LOG] SystemI::init                            : Set up emulated output
[LOG] SystemI::init                            : create the channel pool
[LOG] Thread::initThread                       : Initializing FMOD stream thread.  priority 2
[LOG] Thread::initThread                       : - Stacksize 65536.  Stack pointer 0000000000000000 : usesemaphore = 0 : sleeptime = 10
[LOG] Thread::callback                         : * FMOD stream thread started
[LOG] Thread::initThread                       : Initializing FMOD Studio update thread.  priority 0
[LOG] Thread::initThread                       : - Stacksize 65536.  Stack pointer 0000000000000000 : usesemaphore = 0 : sleeptime = 1
[LOG] Thread::callback                         : * FMOD Studio update thread started
[LOG] Thread::initThread                       : Initializing FMOD Studio sample load thread.  priority 0
[LOG] Thread::initThread                       : - Stacksize 65536.  Stack pointer 0000000000000000 : usesemaphore = 0 : sleeptime = 1
[LOG] Thread::callback                         : * FMOD Studio sample load thread started
[LOG] LiveUpdate::init                         : 
[LOG] Thread::initThread                       : Initializing FMOD Studio bank load thread.  priority 0
[LOG] Thread::initThread                       : - Stacksize 65536.  Stack pointer 0000000000000000 : usesemaphore = 0 : sleeptime = 1
[LOG] Thread::callback                         : * FMOD Studio bank load thread started
[LOG] Profile::init                            : Profiler listening on port: 9264
[LOG] Manager::readBank                        : fileversion = 72, compatVersion = 70 (oldest = 44, newest = 72)
[LOG] Manager::readBank                        : fileversion = 72, compatVersion = 70 (oldest = 44, newest = 72)
[LOG] SystemI::createSoundInternal             : filename =  : mode 0a000202
[LOG] SystemI::createSoundInternal             : exinfo->cbsize             = 232
[LOG] SystemI::createSoundInternal             : exinfo->length             = 2343456
[LOG] SystemI::createSoundInternal             : exinfo->fileoffset         = 39008
[LOG] SystemI::createSoundInternal             : exinfo->numsubsounds       = 1
[LOG] SystemI::createSoundInternal             : exinfo->inclusionlist      = 000000002B64FB28
[LOG] SystemI::createSoundInternal             : exinfo->inclusionlistnum   = 1
[LOG] SystemI::createSoundInternal             : exinfo->suggestedsoundtype = 5
[LOG] SystemI::createSoundInternal             : exinfo->useropen           = 00007FFFC3D88650
[LOG] SystemI::createSoundInternal             : exinfo->userclose          = 00007FFFC3D893C0
[LOG] SystemI::createSoundInternal             : exinfo->userread           = 00007FFFC3D88730
[LOG] SystemI::createSoundInternal             : exinfo->userseek           = 00007FFFC3D887E0
[LOG] SystemI::createSoundInternal             : exinfo->fileuserdata       = 0000000018622948
[LOG] SystemI::createSoundInternal             : exinfo->initialseekpostype = 1
[LOG] SystemI::createSoundInternal             : Format has 1 subsounds.
[LOG] SystemI::createSoundInternal             : Create as FMOD_CREATESAMPLE
[LOG] SystemI::createSoundInternal             : Multi-sample sound (1 subsounds), create a sample container.
[LOG] SystemI::createSoundInternal             : creating subsound 0/1
[LOG] SystemI::createSample                    : mode 0a000202 length 60491 samples, lengthbytes 13696
[LOG] SystemI::createSample                    : channels = 2
[LOG] SystemI::createSample                    : output = 000000002F856A98
[LOG] OutputSoftware::createSample             : lengthpcm 60491, lengthbytes 13696, channels 2, format 2, freq 48000, mode 0a00020a
[LOG] SystemI::createSoundInternal             : done.  OpenState now = FMOD_OPENSTATE_READY.

[LOG] SystemI::createSoundInternal             : filename =  : mode 0a000202
[LOG] SystemI::createSoundInternal             : exinfo->cbsize             = 232
[LOG] SystemI::createSoundInternal             : exinfo->length             = 2343456
[LOG] SystemI::createSoundInternal             : exinfo->fileoffset         = 39008
[LOG] SystemI::createSoundInternal             : exinfo->numsubsounds       = 1
[LOG] SystemI::createSoundInternal             : exinfo->inclusionlist      = 000000002B64FB28
[LOG] SystemI::createSoundInternal             : exinfo->inclusionlistnum   = 1
[LOG] SystemI::createSoundInternal             : exinfo->suggestedsoundtype = 5
[LOG] SystemI::createSoundInternal             : exinfo->useropen           = 00007FFFC3D88650
[LOG] SystemI::createSoundInternal             : exinfo->userclose          = 00007FFFC3D893C0
[LOG] SystemI::createSoundInternal             : exinfo->userread           = 00007FFFC3D88730
[LOG] SystemI::createSoundInternal             : exinfo->userseek           = 00007FFFC3D887E0
[LOG] SystemI::createSoundInternal             : exinfo->fileuserdata       = 0000000018622948
[LOG] SystemI::createSoundInternal             : exinfo->initialseekpostype = 1
[LOG] SystemI::createSoundInternal             : Format has 1 subsounds.
[LOG] SystemI::createSoundInternal             : Create as FMOD_CREATESAMPLE
[LOG] SystemI::createSoundInternal             : Multi-sample sound (1 subsounds), create a sample container.
[LOG] SystemI::createSoundInternal             : creating subsound 0/1
[LOG] SystemI::createSample                    : mode 0a000202 length 443077 samples, lengthbytes 121280
[LOG] SystemI::createSample                    : channels = 2
[LOG] SystemI::createSample                    : output = 000000002F856A98
[LOG] OutputSoftware::createSample             : lengthpcm 443077, lengthbytes 121280, channels 2, format 2, freq 48000, mode 0a00020a
[LOG] SystemI::createSoundInternal             : done.  OpenState now = FMOD_OPENSTATE_READY.

[LOG] SystemI::createSoundInternal             : filename =  : mode 0a000202
[LOG] SystemI::createSoundInternal             : exinfo->cbsize             = 232
[LOG] SystemI::createSoundInternal             : exinfo->length             = 2343456
[LOG] SystemI::createSoundInternal             : exinfo->fileoffset         = 39008
[LOG] SystemI::createSoundInternal             : exinfo->numsubsounds       = 1
[LOG] SystemI::createSoundInternal             : exinfo->inclusionlist      = 000000002B64FB28
[LOG] SystemI::createSoundInternal             : exinfo->inclusionlistnum   = 1
[LOG] SystemI::createSoundInternal             : exinfo->suggestedsoundtype = 5
[LOG] SystemI::createSoundInternal             : exinfo->useropen           = 00007FFFC3D88650
[LOG] SystemI::createSoundInternal             : exinfo->userclose          = 00007FFFC3D893C0
[LOG] SystemI::createSoundInternal             : exinfo->userread           = 00007FFFC3D88730
[LOG] SystemI::createSoundInternal             : exinfo->userseek           = 00007FFFC3D887E0
[LOG] SystemI::createSoundInternal             : exinfo->fileuserdata       = 0000000018622948
[LOG] SystemI::createSoundInternal             : exinfo->initialseekpostype = 1
[LOG] SystemI::createSoundInternal             : Format has 1 subsounds.
[LOG] SystemI::createSoundInternal             : Create as FMOD_CREATESAMPLE
[LOG] SystemI::createSoundInternal             : Multi-sample sound (1 subsounds), create a sample container.
[LOG] SystemI::createSoundInternal             : creating subsound 0/1
[LOG] SystemI::createSample                    : mode 0a000202 length 443077 samples, lengthbytes 124992
[LOG] SystemI::createSample                    : channels = 2
[LOG] SystemI::createSample                    : output = 000000002F856A98
[LOG] OutputSoftware::createSample             : lengthpcm 443077, lengthbytes 124992, channels 2, format 2, freq 48000, mode 0a00020a
[LOG] SystemI::createSoundInternal             : done.  OpenState now = FMOD_OPENSTATE_READY.

[LOG] SystemI::createSoundInternal             : filename =  : mode 0a000202
[LOG] SystemI::createSoundInternal             : exinfo->cbsize             = 232
[LOG] SystemI::createSoundInternal             : exinfo->length             = 2343456
[LOG] SystemI::createSoundInternal             : exinfo->fileoffset         = 39008
[LOG] SystemI::createSoundInternal             : exinfo->numsubsounds       = 1
[LOG] SystemI::createSoundInternal             : exinfo->inclusionlist      = 000000002B64FB28
[LOG] SystemI::createSoundInternal             : exinfo->inclusionlistnum   = 1
[LOG] SystemI::createSoundInternal             : exinfo->suggestedsoundtype = 5
[LOG] SystemI::createSoundInternal             : exinfo->useropen           = 00007FFFC3D88650
[LOG] SystemI::createSoundInternal             : exinfo->userclose          = 00007FFFC3D893C0
[LOG] SystemI::createSoundInternal             : exinfo->userread           = 00007FFFC3D88730
[LOG] SystemI::createSoundInternal             : exinfo->userseek           = 00007FFFC3D887E0
[LOG] SystemI::createSoundInternal             : exinfo->fileuserdata       = 0000000018622948
[LOG] SystemI::createSoundInternal             : exinfo->initialseekpostype = 1
[LOG] SystemI::createSoundInternal             : Format has 1 subsounds.
[LOG] SystemI::createSoundInternal             : Create as FMOD_CREATESAMPLE
[LOG] SystemI::createSoundInternal             : Multi-sample sound (1 subsounds), create a sample container.
[LOG] SystemI::createSoundInternal             : creating subsound 0/1
[LOG] SystemI::createSample                    : mode 0a000202 length 443077 samples, lengthbytes 120608
[LOG] SystemI::createSample                    : channels = 2
[LOG] SystemI::createSample                    : output = 000000002F856A98
[LOG] OutputSoftware::createSample             : lengthpcm 443077, lengthbytes 120608, channels 2, format 2, freq 48000, mode 0a00020a
[LOG] SystemI::createSoundInternal             : done.  OpenState now = FMOD_OPENSTATE_READY.

[LOG] SystemI::createSoundInternal             : filename =  : mode 0a000202
[LOG] SystemI::createSoundInternal             : exinfo->cbsize             = 232
[LOG] SystemI::createSoundInternal             : exinfo->length             = 2343456
[LOG] SystemI::createSoundInternal             : exinfo->fileoffset         = 39008
[LOG] SystemI::createSoundInternal             : exinfo->numsubsounds       = 1
[LOG] SystemI::createSoundInternal             : exinfo->inclusionlist      = 000000002B64FB28
[LOG] SystemI::createSoundInternal             : exinfo->inclusionlistnum   = 1
[LOG] SystemI::createSoundInternal             : exinfo->suggestedsoundtype = 5
[LOG] SystemI::createSoundInternal             : exinfo->useropen           = 00007FFFC3D88650
[LOG] SystemI::createSoundInternal             : exinfo->userclose          = 00007FFFC3D893C0
[LOG] SystemI::createSoundInternal             : exinfo->userread           = 00007FFFC3D88730
[LOG] SystemI::createSoundInternal             : exinfo->userseek           = 00007FFFC3D887E0
[LOG] SystemI::createSoundInternal             : exinfo->fileuserdata       = 0000000018622948
[LOG] SystemI::createSoundInternal             : exinfo->initialseekpostype = 1
[LOG] SystemI::createSoundInternal             : Format has 1 subsounds.
[LOG] SystemI::createSoundInternal             : Create as FMOD_CREATESAMPLE
[LOG] SystemI::createSoundInternal             : Multi-sample sound (1 subsounds), create a sample container.
[LOG] SystemI::createSoundInternal             : creating subsound 0/1
[LOG] SystemI::createSample                    : mode 0a000202 length 100164 samples, lengthbytes 14304
[LOG] SystemI::createSample                    : channels = 2
[LOG] SystemI::createSample                    : output = 000000002F856A98
[LOG] OutputSoftware::createSample             : lengthpcm 100164, lengthbytes 14304, channels 2, format 2, freq 48000, mode 0a00020a
[LOG] SystemI::createSoundInternal             : done.  OpenState now = FMOD_OPENSTATE_READY.

[LOG] SystemI::createSoundInternal             : filename =  : mode 0a000202
[LOG] SystemI::createSoundInternal             : exinfo->cbsize             = 232
[LOG] SystemI::createSoundInternal             : exinfo->length             = 2343456
[LOG] SystemI::createSoundInternal             : exinfo->fileoffset         = 39008
[LOG] SystemI::createSoundInternal             : exinfo->numsubsounds       = 1
[LOG] SystemI::createSoundInternal             : exinfo->inclusionlist      = 000000002B64FB28
[LOG] SystemI::createSoundInternal             : exinfo->inclusionlistnum   = 1
[LOG] SystemI::createSoundInternal             : exinfo->suggestedsoundtype = 5
[LOG] SystemI::createSoundInternal             : exinfo->useropen           = 00007FFFC3D88650
[LOG] SystemI::createSoundInternal             : exinfo->userclose          = 00007FFFC3D893C0
[LOG] SystemI::createSoundInternal             : exinfo->userread           = 00007FFFC3D88730
[LOG] SystemI::createSoundInternal             : exinfo->userseek           = 00007FFFC3D887E0
[LOG] SystemI::createSoundInternal             : exinfo->fileuserdata       = 0000000018622948
[LOG] SystemI::createSoundInternal             : exinfo->initialseekpostype = 1
[LOG] SystemI::createSoundInternal             : Format has 1 subsounds.
[LOG] SystemI::createSoundInternal             : Create as FMOD_CREATESAMPLE
[LOG] SystemI::createSoundInternal             : Multi-sample sound (1 subsounds), create a sample container.
[LOG] SystemI::createSoundInternal             : creating subsound 0/1
[LOG] SystemI::createSample                    : mode 0a000202 length 60491 samples, lengthbytes 14144
[LOG] SystemI::createSample                    : channels = 2
[LOG] SystemI::createSample                    : output = 000000002F856A98
[LOG] OutputSoftware::createSample             : lengthpcm 60491, lengthbytes 14144, channels 2, format 2, freq 48000, mode 0a00020a
[LOG] SystemI::createSoundInternal             : done.  OpenState now = FMOD_OPENSTATE_READY.

[LOG] SystemI::createSoundInternal             : filename =  : mode 0a000202
[LOG] SystemI::createSoundInternal             : exinfo->cbsize             = 232
[LOG] SystemI::createSoundInternal             : exinfo->length             = 2343456
[LOG] SystemI::createSoundInternal             : exinfo->fileoffset         = 39008
[LOG] SystemI::createSoundInternal             : exinfo->numsubsounds       = 1
[LOG] SystemI::createSoundInternal             : exinfo->inclusionlist      = 000000002B64FB28
[LOG] SystemI::createSoundInternal             : exinfo->inclusionlistnum   = 1
[LOG] SystemI::createSoundInternal             : exinfo->suggestedsoundtype = 5
[LOG] SystemI::createSoundInternal             : exinfo->useropen           = 00007FFFC3D88650
[LOG] SystemI::createSoundInternal             : exinfo->userclose          = 00007FFFC3D893C0
[LOG] SystemI::createSoundInternal             : exinfo->userread           = 00007FFFC3D88730
[LOG] SystemI::createSoundInternal             : exinfo->userseek           = 00007FFFC3D887E0
[LOG] SystemI::createSoundInternal             : exinfo->fileuserdata       = 0000000018622948
[LOG] SystemI::createSoundInternal             : exinfo->initialseekpostype = 1
[LOG] SystemI::createSoundInternal             : Format has 1 subsounds.
[LOG] SystemI::createSoundInternal             : Create as FMOD_CREATESAMPLE
[LOG] SystemI::createSoundInternal             : Multi-sample sound (1 subsounds), create a sample container.
[LOG] SystemI::createSoundInternal             : creating subsound 0/1
[LOG] SystemI::createSample                    : mode 0a000202 length 443077 samples, lengthbytes 122624
[LOG] SystemI::createSample                    : channels = 2
[LOG] SystemI::createSample                    : output = 000000002F856A98
[LOG] OutputSoftware::createSample             : lengthpcm 443077, lengthbytes 122624, channels 2, format 2, freq 48000, mode 0a00020a
[LOG] SystemI::createSoundInternal             : done.  OpenState now = FMOD_OPENSTATE_READY.

[LOG] SystemI::createSoundInternal             : filename =  : mode 0a000202
[LOG] SystemI::createSoundInternal             : exinfo->cbsize             = 232
[LOG] SystemI::createSoundInternal             : exinfo->length             = 2343456
[LOG] SystemI::createSoundInternal             : exinfo->fileoffset         = 39008
[LOG] SystemI::createSoundInternal             : exinfo->numsubsounds       = 1
[LOG] SystemI::createSoundInternal             : exinfo->inclusionlist      = 000000002B64FB28
[LOG] SystemI::createSoundInternal             : exinfo->inclusionlistnum   = 1
[LOG] SystemI::createSoundInternal             : exinfo->suggestedsoundtype = 5
[LOG] SystemI::createSoundInternal             : exinfo->useropen           = 00007FFFC3D88650
[LOG] SystemI::createSoundInternal             : exinfo->userclose          = 00007FFFC3D893C0
[LOG] SystemI::createSoundInternal             : exinfo->userread           = 00007FFFC3D88730
[LOG] SystemI::createSoundInternal             : exinfo->userseek           = 00007FFFC3D887E0
[LOG] SystemI::createSoundInternal             : exinfo->fileuserdata       = 0000000018622948
[LOG] SystemI::createSoundInternal             : exinfo->initialseekpostype = 1
[LOG] SystemI::createSoundInternal             : Format has 1 subsounds.
[LOG] SystemI::createSoundInternal             : Create as FMOD_CREATESAMPLE
[LOG] SystemI::createSoundInternal             : Multi-sample sound (1 subsounds), create a sample container.
[LOG] SystemI::createSoundInternal             : creating subsound 0/1
[LOG] SystemI::createSample                    : mode 0a000202 length 227040 samples, lengthbytes 33664
[LOG] SystemI::createSample                    : channels = 1
[LOG] SystemI::createSample                    : output = 000000002F856A98
[LOG] OutputSoftware::createSample             : lengthpcm 227040, lengthbytes 33664, channels 1, format 2, freq 48000, mode 0a00020a
[LOG] SystemI::createSoundInternal             : done.  OpenState now = FMOD_OPENSTATE_READY.

[LOG] SystemI::createSoundInternal             : filename =  : mode 0a000202
[LOG] SystemI::createSoundInternal             : exinfo->cbsize             = 232
[LOG] SystemI::createSoundInternal             : exinfo->length             = 2343456
[LOG] SystemI::createSoundInternal             : exinfo->fileoffset         = 39008
[LOG] SystemI::createSoundInternal             : exinfo->numsubsounds       = 1
[LOG] SystemI::createSoundInternal             : exinfo->inclusionlist      = 000000002B64FB28
[LOG] SystemI::createSoundInternal             : exinfo->inclusionlistnum   = 1
[LOG] SystemI::createSoundInternal             : exinfo->suggestedsoundtype = 5
[LOG] SystemI::createSoundInternal             : exinfo->useropen           = 00007FFFC3D88650
[LOG] SystemI::createSoundInternal             : exinfo->userclose          = 00007FFFC3D893C0
[LOG] SystemI::createSoundInternal             : exinfo->userread           = 00007FFFC3D88730
[LOG] SystemI::createSoundInternal             : exinfo->userseek           = 00007FFFC3D887E0
[LOG] SystemI::createSoundInternal             : exinfo->fileuserdata       = 0000000018622948
[LOG] SystemI::createSoundInternal             : exinfo->initialseekpostype = 1
[LOG] SystemI::createSoundInternal             : Format has 1 subsounds.
[LOG] SystemI::createSoundInternal             : Create as FMOD_CREATESAMPLE
[LOG] SystemI::createSoundInternal             : Multi-sample sound (1 subsounds), create a sample container.
[LOG] SystemI::createSoundInternal             : creating subsound 0/1
[LOG] SystemI::createSample                    : mode 0a000202 length 60491 samples, lengthbytes 13536
[LOG] SystemI::createSample                    : channels = 2
[LOG] SystemI::createSample                    : output = 000000002F856A98
[LOG] OutputSoftware::createSample             : lengthpcm 60491, lengthbytes 13536, channels 2, format 2, freq 48000, mode 0a00020a
[LOG] SystemI::createSoundInternal             : done.  OpenState now = FMOD_OPENSTATE_READY.

[LOG] SystemI::createSoundInternal             : filename =  : mode 0a000202
[WRN] EventInstance::update                    : Event {5881d774-f952-4ae7-923d-af2837e7ffe6} waited 2986 milliseconds for sample data to load.  Preload sample data to avoid this delay.
[LOG] SystemI::createSoundInternal             : exinfo->cbsize             = 232
[LOG] SystemI::createSoundInternal             : exinfo->length             = 2343456
[LOG] SystemI::createSoundInternal             : exinfo->fileoffset         = 39008
[LOG] SystemI::createSoundInternal             : exinfo->numsubsounds       = 1
[LOG] SystemI::createSoundInternal             : exinfo->inclusionlist      = 000000002B64FB28
[LOG] SystemI::createSoundInternal             : exinfo->inclusionlistnum   = 1
[LOG] SystemI::createSoundInternal             : exinfo->suggestedsoundtype = 5
[LOG] SystemI::createSoundInternal             : exinfo->useropen           = 00007FFFC3D88650
[LOG] SystemI::createSoundInternal             : exinfo->userclose          = 00007FFFC3D893C0
[LOG] SystemI::createSoundInternal             : exinfo->userread           = 00007FFFC3D88730
[LOG] SystemI::createSoundInternal             : exinfo->userseek           = 00007FFFC3D887E0
[LOG] SystemI::createSoundInternal             : exinfo->fileuserdata       = 0000000018622948
[LOG] SystemI::createSoundInternal             : exinfo->initialseekpostype = 1
[LOG] SystemI::createSoundInternal             : Format has 1 subsounds.
[LOG] SystemI::createSoundInternal             : Create as FMOD_CREATESAMPLE
[LOG] SystemI::createSoundInternal             : Multi-sample sound (1 subsounds), create a sample container.
[LOG] SystemI::createSoundInternal             : creating subsound 0/1
[LOG] SystemI::createSample                    : mode 0a000202 length 443077 samples, lengthbytes 123136
[LOG] SystemI::createSample                    : channels = 2
[LOG] SystemI::createSample                    : output = 000000002F856A98
[LOG] OutputSoftware::createSample             : lengthpcm 443077, lengthbytes 123136, channels 2, format 2, freq 48000, mode 0a00020a
[LOG] SystemI::createSoundInternal             : done.  OpenState now = FMOD_OPENSTATE_READY.

[LOG] SystemI::createSoundInternal             : filename =  : mode 0a000202
[LOG] SystemI::createSoundInternal             : exinfo->cbsize             = 232
[LOG] SystemI::createSoundInternal             : exinfo->length             = 2343456
[LOG] SystemI::createSoundInternal             : exinfo->fileoffset         = 39008
[LOG] SystemI::createSoundInternal             : exinfo->numsubsounds       = 1
[LOG] SystemI::createSoundInternal             : exinfo->inclusionlist      = 000000002B64FB28
[LOG] SystemI::createSoundInternal             : exinfo->inclusionlistnum   = 1
[LOG] SystemI::createSoundInternal             : exinfo->suggestedsoundtype = 5
[LOG] SystemI::createSoundInternal             : exinfo->useropen           = 00007FFFC3D88650
[LOG] SystemI::createSoundInternal             : exinfo->userclose          = 00007FFFC3D893C0
[LOG] SystemI::createSoundInternal             : exinfo->userread           = 00007FFFC3D88730
[LOG] SystemI::createSoundInternal             : exinfo->userseek           = 00007FFFC3D887E0
[LOG] SystemI::createSoundInternal             : exinfo->fileuserdata       = 0000000018622948
[LOG] SystemI::createSoundInternal             : exinfo->initialseekpostype = 1
[LOG] SystemI::createSoundInternal             : Format has 1 subsounds.
[LOG] SystemI::createSoundInternal             : Create as FMOD_CREATESAMPLE
[LOG] SystemI::createSoundInternal             : Multi-sample sound (1 subsounds), create a sample container.
[LOG] SystemI::createSoundInternal             : creating subsound 0/1
[LOG] SystemI::createSample                    : mode 0a000202 length 443075 samples, lengthbytes 122016
[LOG] SystemI::createSample                    : channels = 2
[LOG] SystemI::createSample                    : output = 000000002F856A98
[LOG] OutputSoftware::createSample             : lengthpcm 443075, lengthbytes 122016, channels 2, format 2, freq 48000, mode 0a00020a
[LOG] SystemI::createSoundInternal             : done.  OpenState now = FMOD_OPENSTATE_READY.

[LOG] SystemI::createSoundInternal             : filename =  : mode 0a000202
[LOG] SystemI::createSoundInternal             : exinfo->cbsize             = 232
[LOG] SystemI::createSoundInternal             : exinfo->length             = 2343456
[LOG] SystemI::createSoundInternal             : exinfo->fileoffset         = 39008
[LOG] SystemI::createSoundInternal             : exinfo->numsubsounds       = 1
[LOG] SystemI::createSoundInternal             : exinfo->inclusionlist      = 000000002B64FB28
[LOG] SystemI::createSoundInternal             : exinfo->inclusionlistnum   = 1
[LOG] SystemI::createSoundInternal             : exinfo->suggestedsoundtype = 5
[LOG] SystemI::createSoundInternal             : exinfo->useropen           = 00007FFFC3D88650
[LOG] SystemI::createSoundInternal             : exinfo->userclose          = 00007FFFC3D893C0
[LOG] SystemI::createSoundInternal             : exinfo->userread           = 00007FFFC3D88730
[LOG] SystemI::createSoundInternal             : exinfo->userseek           = 00007FFFC3D887E0
[LOG] SystemI::createSoundInternal             : exinfo->fileuserdata       = 0000000018622728
[LOG] SystemI::createSoundInternal             : exinfo->initialseekpostype = 1
[LOG] SystemI::createSoundInternal             : Format has 1 subsounds.
[LOG] SystemI::createSoundInternal             : Create as FMOD_CREATESAMPLE
[LOG] SystemI::createSoundInternal             : Multi-sample sound (1 subsounds), create a sample container.
[LOG] SystemI::createSoundInternal             : creating subsound 0/1
[LOG] SystemI::createSample                    : mode 0a000202 length 70760 samples, lengthbytes 17248
[LOG] SystemI::createSample                    : channels = 2
[LOG] SystemI::createSample                    : output = 000000002F856A98
[LOG] OutputSoftware::createSample             : lengthpcm 70760, lengthbytes 17248, channels 2, format 2, freq 48000, mode 0a00020a
[LOG] SystemI::createSoundInternal             : done.  OpenState now = FMOD_OPENSTATE_READY.

[LOG] SystemI::createSoundInternal             : filename =  : mode 0a000202
[LOG] SystemI::createSoundInternal             : exinfo->cbsize             = 232
[LOG] SystemI::createSoundInternal             : exinfo->length             = 2343456
[LOG] SystemI::createSoundInternal             : exinfo->fileoffset         = 39008
[LOG] SystemI::createSoundInternal             : exinfo->numsubsounds       = 1
[LOG] SystemI::createSoundInternal             : exinfo->inclusionlist      = 000000002B64FB28
[LOG] SystemI::createSoundInternal             : exinfo->inclusionlistnum   = 1
[LOG] SystemI::createSoundInternal             : exinfo->suggestedsoundtype = 5
[LOG] SystemI::createSoundInternal             : exinfo->useropen           = 00007FFFC3D88650
[LOG] SystemI::createSoundInternal             : exinfo->userclose          = 00007FFFC3D893C0
[LOG] SystemI::createSoundInternal             : exinfo->userread           = 00007FFFC3D88730
[LOG] SystemI::createSoundInternal             : exinfo->userseek           = 00007FFFC3D887E0
[LOG] SystemI::createSoundInternal             : exinfo->fileuserdata       = 0000000018622728
[LOG] SystemI::createSoundInternal             : exinfo->initialseekpostype = 1
[LOG] SystemI::createSoundInternal             : Format has 1 subsounds.
[LOG] SystemI::createSoundInternal             : Create as FMOD_CREATESAMPLE
[LOG] SystemI::createSoundInternal             : Multi-sample sound (1 subsounds), create a sample container.
[LOG] SystemI::createSoundInternal             : creating subsound 0/1
[LOG] SystemI::createSample                    : mode 0a000202 length 87174 samples, lengthbytes 23072
[LOG] SystemI::createSample                    : channels = 2
[LOG] SystemI::createSample                    : output = 000000002F856A98
[LOG] OutputSoftware::createSample             : lengthpcm 87174, lengthbytes 23072, channels 2, format 2, freq 48000, mode 0a00020a
[LOG] SystemI::createSoundInternal             : done.  OpenState now = FMOD_OPENSTATE_READY.

[LOG] SystemI::createSoundInternal             : filename =  : mode 0a000202
[LOG] SystemI::createSoundInternal             : exinfo->cbsize             = 232
[LOG] SystemI::createSoundInternal             : exinfo->length             = 2343456
[LOG] SystemI::createSoundInternal             : exinfo->fileoffset         = 39008
[LOG] SystemI::createSoundInternal             : exinfo->numsubsounds       = 1
[LOG] SystemI::createSoundInternal             : exinfo->inclusionlist      = 000000002B64FB28
[LOG] SystemI::createSoundInternal             : exinfo->inclusionlistnum   = 1
[LOG] SystemI::createSoundInternal             : exinfo->suggestedsoundtype = 5
[LOG] SystemI::createSoundInternal             : exinfo->useropen           = 00007FFFC3D88650
[LOG] SystemI::createSoundInternal             : exinfo->userclose          = 00007FFFC3D893C0
[LOG] SystemI::createSoundInternal             : exinfo->userread           = 00007FFFC3D88730
[LOG] SystemI::createSoundInternal             : exinfo->userseek           = 00007FFFC3D887E0
[LOG] SystemI::createSoundInternal             : exinfo->fileuserdata       = 0000000018622728
[LOG] SystemI::createSoundInternal             : exinfo->initialseekpostype = 1
[LOG] SystemI::createSoundInternal             : Format has 1 subsounds.
[LOG] SystemI::createSoundInternal             : Create as FMOD_CREATESAMPLE
[LOG] SystemI::createSoundInternal             : Multi-sample sound (1 subsounds), create a sample container.
[LOG] SystemI::createSoundInternal             : creating subsound 0/1
[LOG] SystemI::createSample                    : mode 0a000202 length 87174 samples, lengthbytes 21856
[LOG] SystemI::createSample                    : channels = 2
[LOG] SystemI::createSample                    : output = 000000002F856A98
[LOG] OutputSoftware::createSample             : lengthpcm 87174, lengthbytes 21856, channels 2, format 2, freq 48000, mode 0a00020a
[LOG] SystemI::createSoundInternal             : done.  OpenState now = FMOD_OPENSTATE_READY.

[LOG] SystemI::createSoundInternal             : filename =  : mode 0a000202
[LOG] SystemI::createSoundInternal             : exinfo->cbsize             = 232
[LOG] SystemI::createSoundInternal             : exinfo->length             = 2343456
[LOG] SystemI::createSoundInternal             : exinfo->fileoffset         = 39008
[LOG] SystemI::createSoundInternal             : exinfo->numsubsounds       = 1
[LOG] SystemI::createSoundInternal             : exinfo->inclusionlist      = 000000002B64FB28
[LOG] SystemI::createSoundInternal             : exinfo->inclusionlistnum   = 1
[LOG] SystemI::createSoundInternal             : exinfo->suggestedsoundtype = 5
[LOG] SystemI::createSoundInternal             : exinfo->useropen           = 00007FFFC3D88650
[LOG] SystemI::createSoundInternal             : exinfo->userclose          = 00007FFFC3D893C0
[LOG] SystemI::createSoundInternal             : exinfo->userread           = 00007FFFC3D88730
[LOG] SystemI::createSoundInternal             : exinfo->userseek           = 00007FFFC3D887E0
[LOG] SystemI::createSoundInternal             : exinfo->fileuserdata       = 0000000018622728
[LOG] SystemI::createSoundInternal             : exinfo->initialseekpostype = 1
[LOG] SystemI::createSoundInternal             : Format has 1 subsounds.
[LOG] SystemI::createSoundInternal             : Create as FMOD_CREATESAMPLE
[LOG] SystemI::createSoundInternal             : Multi-sample sound (1 subsounds), create a sample container.
[LOG] SystemI::createSoundInternal             : creating subsound 0/1
[LOG] SystemI::createSample                    : mode 0a000202 length 87174 samples, lengthbytes 23040
[LOG] SystemI::createSample                    : channels = 2
[LOG] SystemI::createSample                    : output = 000000002F856A98
[LOG] OutputSoftware::createSample             : lengthpcm 87174, lengthbytes 23040, channels 2, format 2, freq 48000, mode 0a00020a
[LOG] SystemI::createSoundInternal             : done.  OpenState now = FMOD_OPENSTATE_READY.

[LOG] SystemI::createSoundInternal             : filename =  : mode 0a000202
[LOG] SystemI::createSoundInternal             : exinfo->cbsize             = 232
[LOG] SystemI::createSoundInternal             : exinfo->length             = 2343456
[LOG] SystemI::createSoundInternal             : exinfo->fileoffset         = 39008
[LOG] SystemI::createSoundInternal             : exinfo->numsubsounds       = 1
[LOG] SystemI::createSoundInternal             : exinfo->inclusionlist      = 000000002B64FB28
[LOG] SystemI::createSoundInternal             : exinfo->inclusionlistnum   = 1
[LOG] SystemI::createSoundInternal             : exinfo->suggestedsoundtype = 5
[LOG] SystemI::createSoundInternal             : exinfo->useropen           = 00007FFFC3D88650
[LOG] SystemI::createSoundInternal             : exinfo->userclose          = 00007FFFC3D893C0
[LOG] SystemI::createSoundInternal             : exinfo->userread           = 00007FFFC3D88730
[LOG] SystemI::createSoundInternal             : exinfo->userseek           = 00007FFFC3D887E0
[LOG] SystemI::createSoundInternal             : exinfo->fileuserdata       = 0000000018622728
[LOG] SystemI::createSoundInternal             : exinfo->initialseekpostype = 1
[LOG] SystemI::createSoundInternal             : Format has 1 subsounds.
[LOG] SystemI::createSoundInternal             : Create as FMOD_CREATESAMPLE
[LOG] SystemI::createSoundInternal             : Multi-sample sound (1 subsounds), create a sample container.
[LOG] SystemI::createSoundInternal             : creating subsound 0/1
[LOG] SystemI::createSample                    : mode 0a000202 length 70760 samples, lengthbytes 18432
[LOG] SystemI::createSample                    : channels = 2
[LOG] SystemI::createSample                    : output = 000000002F856A98
[LOG] OutputSoftware::createSample             : lengthpcm 70760, lengthbytes 18432, channels 2, format 2, freq 48000, mode 0a00020a
[LOG] SystemI::createSoundInternal             : done.  OpenState now = FMOD_OPENSTATE_READY.

[LOG] SoundI::release                          : (null) (000000002F868828)
[LOG] SoundI::release                          : release subsounds. (000000002F868828)
[LOG] SoundI::release                          :     (null) (000000002F7E5FE8)
[LOG] SoundI::release                          : release codec. (000000002F868828)
[LOG] SoundI::release                          : (null) (000000002F8683D8)
[LOG] SoundI::release                          : release subsounds. (000000002F8683D8)
[LOG] SoundI::release                          :     (null) (000000002F7E5E58)
[LOG] SoundI::release                          : release codec. (000000002F8683D8)
[LOG] SoundI::release                          : (null) (00000000186EA998)
[LOG] SoundI::release                          : release subsounds. (00000000186EA998)
[LOG] SoundI::release                          :     (null) (000000002F7E5B38)
[LOG] SoundI::release                          : release codec. (00000000186EA998)
[LOG] SoundI::release                          : (null) (000000002F868998)
[LOG] SoundI::release                          : release subsounds. (000000002F868998)
[LOG] SoundI::release                          :     (null) (000000002F7E67B8)
[LOG] SoundI::release                          : release codec. (000000002F868998)
[LOG] SoundI::release                          : (null) (000000002F867578)
[LOG] SoundI::release                          : release subsounds. (000000002F867578)
[LOG] SoundI::release                          :     (null) (000000002F9D4B28)
[LOG] SoundI::release                          : release codec. (000000002F867578)
[LOG] SoundI::release                          : (null) (000000002F8676E8)
[LOG] SoundI::release                          : release subsounds. (000000002F8676E8)
[LOG] SoundI::release                          :     (null) (000000002F9D4FD8)
[LOG] SoundI::release                          : release codec. (000000002F8676E8)
[LOG] SoundI::release                          : (null) (000000002F868548)
[LOG] SoundI::release                          : release subsounds. (000000002F868548)
[LOG] SoundI::release                          :     (null) (000000002F9D4CB8)
[LOG] SoundI::release                          : release codec. (000000002F868548)
[LOG] SoundI::release                          : (null) (000000002F867298)
[LOG] SoundI::release                          : release subsounds. (000000002F867298)
[LOG] SoundI::release                          :     (null) (000000002F9D4E48)
[LOG] SoundI::release                          : release codec. (000000002F867298)
[LOG] SoundI::release                          : (null) (000000002F868C78)
[LOG] SoundI::release                          : release subsounds. (000000002F868C78)
[LOG] SoundI::release                          :     (null) (000000002F9D3228)
[LOG] SoundI::release                          : release codec. (000000002F868C78)
[LOG] SoundI::release                          : (null) (000000002F867128)
[LOG] SoundI::release                          : release subsounds. (000000002F867128)
[LOG] SoundI::release                          :     (null) (000000002F7E5CC8)
[LOG] SoundI::release                          : release codec. (000000002F867128)
[LOG] SoundI::release                          : (null) (000000002F868268)
[LOG] SoundI::release                          : release subsounds. (000000002F868268)
[LOG] SoundI::release                          :     (null) (000000002F7E6178)
[LOG] SoundI::release                          : release codec. (000000002F868268)
[LOG] SoundI::release                          : (null) (000000002F868B08)
[LOG] SoundI::release                          : release subsounds. (000000002F868B08)
[LOG] SoundI::release                          :     (null) (000000002F9D4358)
[LOG] SoundI::release                          : release codec. (000000002F868B08)
[LOG] SoundI::release                          : (null) (000000002F867408)
[LOG] SoundI::release                          : release subsounds. (000000002F867408)
[LOG] SoundI::release                          :     (null) (000000002F7E6308)
[LOG] SoundI::release                          : release codec. (000000002F867408)
[LOG] SoundI::release                          : (null) (000000002F867858)
[LOG] SoundI::release                          : release subsounds. (000000002F867858)
[LOG] SoundI::release                          :     (null) (000000002F7E6628)
[LOG] SoundI::release                          : release codec. (000000002F867858)
[LOG] SoundI::release                          : (null) (000000002F8686B8)
[LOG] SoundI::release                          : release subsounds. (000000002F8686B8)
[LOG] SoundI::release                          :     (null) (000000002F7E6948)
[LOG] SoundI::release                          : release codec. (000000002F8686B8)
[LOG] SoundI::release                          : (null) (000000002F867E18)
[LOG] SoundI::release                          : release subsounds. (000000002F867E18)
[LOG] SoundI::release                          :     (null) (000000002F7E6498)
[LOG] SoundI::release                          : release codec. (000000002F867E18)
[LOG] Thread::callback                         : * FMOD Studio update thread finished
[LOG] Thread::close                            : FMOD Studio update thread thread destroyed
[LOG] Thread::callback                         : * FMOD Studio bank load thread finished
[LOG] Thread::close                            : FMOD Studio bank load thread thread destroyed
[LOG] Profile::disconnectAll                   : Profiler disconnecting all clients
[LOG] Thread::callback                         : * FMOD Studio sample load thread finished
[LOG] Thread::close                            : FMOD Studio sample load thread thread destroyed
[LOG] LiveUpdate::release                      : 
[LOG] SystemI::close                           : 
[LOG] SystemI::close                           : Stop all sounds
[LOG] Thread::callback                         : * FMOD stream thread finished
[LOG] Thread::close                            : FMOD stream thread thread destroyed
[LOG] SystemI::close                           : Stream thread destroyed
[LOG] Thread::callback                         : * FMOD mixer thread finished
[LOG] Thread::close                            : FMOD mixer thread thread destroyed
[LOG] SystemI::close                           : Free master channel group.
[LOG] SystemI::close                           : Remove 'master' sound group.
[LOG] SystemI::close                           : Free software output.
[LOG] SystemI::close                           : Free emulated output.
[LOG] SystemI::close                           : Free channel pool.
[LOG] SystemI::close                           : done.

